<?xml version="1.0" encoding="UTF-8"?>
<testsuite name="com.suco.sucotalk.chat.repository.MessageDaoTest" tests="2" skipped="0" failures="0" errors="0" timestamp="2021-06-02T17:45:17" hostname="gimjinhwan-ui-Macmini.local" time="0.047">
  <properties/>
  <testcase name="findByRoom()" classname="com.suco.sucotalk.chat.repository.MessageDaoTest" time="0.03"/>
  <testcase name="save()" classname="com.suco.sucotalk.chat.repository.MessageDaoTest" time="0.016"/>
  <system-out><![CDATA[2021-06-03 02:45:17.145  INFO 8240 --- [    Test worker] .b.t.c.SpringBootTestContextBootstrapper : Neither @ContextConfiguration nor @ContextHierarchy found for test class [com.suco.sucotalk.chat.repository.MessageDaoTest], using SpringBootContextLoader
2021-06-03 02:45:17.148  INFO 8240 --- [    Test worker] o.s.t.c.support.AbstractContextLoader    : Could not detect default resource locations for test class [com.suco.sucotalk.chat.repository.MessageDaoTest]: no resource found for suffixes {-context.xml, Context.groovy}.
2021-06-03 02:45:17.148  INFO 8240 --- [    Test worker] t.c.s.AnnotationConfigContextLoaderUtils : Could not detect default configuration classes for test class [com.suco.sucotalk.chat.repository.MessageDaoTest]: MessageDaoTest does not declare any static, non-private, non-final, nested classes annotated with @Configuration.
2021-06-03 02:45:17.169  INFO 8240 --- [    Test worker] .b.t.c.SpringBootTestContextBootstrapper : Found @SpringBootConfiguration com.suco.sucotalk.SucotalkApplication for test class com.suco.sucotalk.chat.repository.MessageDaoTest
2021-06-03 02:45:17.173  INFO 8240 --- [    Test worker] .b.t.c.SpringBootTestContextBootstrapper : Loaded default TestExecutionListener class names from location [META-INF/spring.factories]: [org.springframework.boot.test.autoconfigure.restdocs.RestDocsTestExecutionListener, org.springframework.boot.test.autoconfigure.web.client.MockRestServiceServerResetTestExecutionListener, org.springframework.boot.test.autoconfigure.web.servlet.MockMvcPrintOnlyOnFailureTestExecutionListener, org.springframework.boot.test.autoconfigure.web.servlet.WebDriverTestExecutionListener, org.springframework.boot.test.autoconfigure.webservices.client.MockWebServiceServerTestExecutionListener, org.springframework.boot.test.mock.mockito.MockitoTestExecutionListener, org.springframework.boot.test.mock.mockito.ResetMocksTestExecutionListener, org.springframework.test.context.web.ServletTestExecutionListener, org.springframework.test.context.support.DirtiesContextBeforeModesTestExecutionListener, org.springframework.test.context.event.ApplicationEventsTestExecutionListener, org.springframework.test.context.support.DependencyInjectionTestExecutionListener, org.springframework.test.context.support.DirtiesContextTestExecutionListener, org.springframework.test.context.transaction.TransactionalTestExecutionListener, org.springframework.test.context.jdbc.SqlScriptsTestExecutionListener, org.springframework.test.context.event.EventPublishingTestExecutionListener]
2021-06-03 02:45:17.174  INFO 8240 --- [    Test worker] .b.t.c.SpringBootTestContextBootstrapper : Using TestExecutionListeners: [org.springframework.test.context.web.ServletTestExecutionListener@6eaf059e, org.springframework.test.context.support.DirtiesContextBeforeModesTestExecutionListener@777aae48, org.springframework.test.context.event.ApplicationEventsTestExecutionListener@58ff7ffb, org.springframework.boot.test.mock.mockito.MockitoTestExecutionListener@60ce308e, org.springframework.boot.test.autoconfigure.SpringBootDependencyInjectionTestExecutionListener@765b5afc, org.springframework.test.context.support.DirtiesContextTestExecutionListener@5471a291, org.springframework.test.context.transaction.TransactionalTestExecutionListener@77521f43, org.springframework.test.context.jdbc.SqlScriptsTestExecutionListener@66890b67, org.springframework.test.context.event.EventPublishingTestExecutionListener@4a2931f0, org.springframework.boot.test.autoconfigure.restdocs.RestDocsTestExecutionListener@1315770e, org.springframework.boot.test.autoconfigure.web.client.MockRestServiceServerResetTestExecutionListener@74dada28, org.springframework.boot.test.autoconfigure.web.servlet.MockMvcPrintOnlyOnFailureTestExecutionListener@5a2635e7, org.springframework.boot.test.autoconfigure.web.servlet.WebDriverTestExecutionListener@598329e2, org.springframework.boot.test.autoconfigure.webservices.client.MockWebServiceServerTestExecutionListener@619688db, org.springframework.boot.test.mock.mockito.ResetMocksTestExecutionListener@433f055b]
2021-06-03 02:45:17.206  INFO 8240 --- [    Test worker] o.s.t.c.transaction.TransactionContext   : Began transaction (1) for test context [DefaultTestContext@67a3bab testClass = MessageDaoTest, testInstance = com.suco.sucotalk.chat.repository.MessageDaoTest@422d818b, testMethod = findByRoom@MessageDaoTest, testException = [null], mergedContextConfiguration = [WebMergedContextConfiguration@2157d911 testClass = MessageDaoTest, locations = '{}', classes = '{class com.suco.sucotalk.SucotalkApplication}', contextInitializerClasses = '[]', activeProfiles = '{}', propertySourceLocations = '{}', propertySourceProperties = '{org.springframework.boot.test.context.SpringBootTestContextBootstrapper=true}', contextCustomizers = set[org.springframework.boot.test.autoconfigure.actuate.metrics.MetricsExportContextCustomizerFactory$DisableMetricExportContextCustomizer@66609d88, org.springframework.boot.test.autoconfigure.properties.PropertyMappingContextCustomizer@0, org.springframework.boot.test.autoconfigure.web.servlet.WebDriverContextCustomizerFactory$Customizer@2c47401, org.springframework.boot.test.context.filter.ExcludeFilterContextCustomizer@4069541a, org.springframework.boot.test.json.DuplicateJsonObjectContextCustomizerFactory$DuplicateJsonObjectContextCustomizer@26b849d4, org.springframework.boot.test.mock.mockito.MockitoContextCustomizer@0, org.springframework.boot.test.web.client.TestRestTemplateContextCustomizer@463ef2d8, org.springframework.boot.test.context.SpringBootTestArgs@1, org.springframework.boot.test.context.SpringBootTestWebEnvironment@36ff48b4], resourceBasePath = 'src/main/webapp', contextLoader = 'org.springframework.boot.test.context.SpringBootContextLoader', parent = [null]], attributes = map['org.springframework.test.context.web.ServletTestExecutionListener.activateListener' -> true, 'org.springframework.test.context.web.ServletTestExecutionListener.populatedRequestContextHolder' -> true, 'org.springframework.test.context.web.ServletTestExecutionListener.resetRequestContextHolder' -> true, 'org.springframework.test.context.event.ApplicationEventsTestExecutionListener.recordApplicationEvents' -> false]]; transaction manager [org.springframework.jdbc.support.JdbcTransactionManager@1f09c70c]; rollback [true]
2021-06-03 02:45:17.232  INFO 8240 --- [    Test worker] o.s.t.c.transaction.TransactionContext   : Rolled back transaction for test: [DefaultTestContext@67a3bab testClass = MessageDaoTest, testInstance = com.suco.sucotalk.chat.repository.MessageDaoTest@422d818b, testMethod = findByRoom@MessageDaoTest, testException = [null], mergedContextConfiguration = [WebMergedContextConfiguration@2157d911 testClass = MessageDaoTest, locations = '{}', classes = '{class com.suco.sucotalk.SucotalkApplication}', contextInitializerClasses = '[]', activeProfiles = '{}', propertySourceLocations = '{}', propertySourceProperties = '{org.springframework.boot.test.context.SpringBootTestContextBootstrapper=true}', contextCustomizers = set[org.springframework.boot.test.autoconfigure.actuate.metrics.MetricsExportContextCustomizerFactory$DisableMetricExportContextCustomizer@66609d88, org.springframework.boot.test.autoconfigure.properties.PropertyMappingContextCustomizer@0, org.springframework.boot.test.autoconfigure.web.servlet.WebDriverContextCustomizerFactory$Customizer@2c47401, org.springframework.boot.test.context.filter.ExcludeFilterContextCustomizer@4069541a, org.springframework.boot.test.json.DuplicateJsonObjectContextCustomizerFactory$DuplicateJsonObjectContextCustomizer@26b849d4, org.springframework.boot.test.mock.mockito.MockitoContextCustomizer@0, org.springframework.boot.test.web.client.TestRestTemplateContextCustomizer@463ef2d8, org.springframework.boot.test.context.SpringBootTestArgs@1, org.springframework.boot.test.context.SpringBootTestWebEnvironment@36ff48b4], resourceBasePath = 'src/main/webapp', contextLoader = 'org.springframework.boot.test.context.SpringBootContextLoader', parent = [null]], attributes = map['org.springframework.test.context.web.ServletTestExecutionListener.activateListener' -> true, 'org.springframework.test.context.web.ServletTestExecutionListener.populatedRequestContextHolder' -> true, 'org.springframework.test.context.web.ServletTestExecutionListener.resetRequestContextHolder' -> true, 'org.springframework.test.context.event.ApplicationEventsTestExecutionListener.recordApplicationEvents' -> false]]
2021-06-03 02:45:17.236  INFO 8240 --- [    Test worker] o.s.t.c.transaction.TransactionContext   : Began transaction (1) for test context [DefaultTestContext@67a3bab testClass = MessageDaoTest, testInstance = com.suco.sucotalk.chat.repository.MessageDaoTest@103cd836, testMethod = save@MessageDaoTest, testException = [null], mergedContextConfiguration = [WebMergedContextConfiguration@2157d911 testClass = MessageDaoTest, locations = '{}', classes = '{class com.suco.sucotalk.SucotalkApplication}', contextInitializerClasses = '[]', activeProfiles = '{}', propertySourceLocations = '{}', propertySourceProperties = '{org.springframework.boot.test.context.SpringBootTestContextBootstrapper=true}', contextCustomizers = set[org.springframework.boot.test.autoconfigure.actuate.metrics.MetricsExportContextCustomizerFactory$DisableMetricExportContextCustomizer@66609d88, org.springframework.boot.test.autoconfigure.properties.PropertyMappingContextCustomizer@0, org.springframework.boot.test.autoconfigure.web.servlet.WebDriverContextCustomizerFactory$Customizer@2c47401, org.springframework.boot.test.context.filter.ExcludeFilterContextCustomizer@4069541a, org.springframework.boot.test.json.DuplicateJsonObjectContextCustomizerFactory$DuplicateJsonObjectContextCustomizer@26b849d4, org.springframework.boot.test.mock.mockito.MockitoContextCustomizer@0, org.springframework.boot.test.web.client.TestRestTemplateContextCustomizer@463ef2d8, org.springframework.boot.test.context.SpringBootTestArgs@1, org.springframework.boot.test.context.SpringBootTestWebEnvironment@36ff48b4], resourceBasePath = 'src/main/webapp', contextLoader = 'org.springframework.boot.test.context.SpringBootContextLoader', parent = [null]], attributes = map['org.springframework.test.context.web.ServletTestExecutionListener.activateListener' -> true, 'org.springframework.test.context.web.ServletTestExecutionListener.populatedRequestContextHolder' -> true, 'org.springframework.test.context.web.ServletTestExecutionListener.resetRequestContextHolder' -> true, 'org.springframework.test.context.event.ApplicationEventsTestExecutionListener.recordApplicationEvents' -> false]]; transaction manager [org.springframework.jdbc.support.JdbcTransactionManager@1f09c70c]; rollback [true]
2021-06-03 02:45:17.246  INFO 8240 --- [    Test worker] o.s.t.c.transaction.TransactionContext   : Rolled back transaction for test: [DefaultTestContext@67a3bab testClass = MessageDaoTest, testInstance = com.suco.sucotalk.chat.repository.MessageDaoTest@103cd836, testMethod = save@MessageDaoTest, testException = [null], mergedContextConfiguration = [WebMergedContextConfiguration@2157d911 testClass = MessageDaoTest, locations = '{}', classes = '{class com.suco.sucotalk.SucotalkApplication}', contextInitializerClasses = '[]', activeProfiles = '{}', propertySourceLocations = '{}', propertySourceProperties = '{org.springframework.boot.test.context.SpringBootTestContextBootstrapper=true}', contextCustomizers = set[org.springframework.boot.test.autoconfigure.actuate.metrics.MetricsExportContextCustomizerFactory$DisableMetricExportContextCustomizer@66609d88, org.springframework.boot.test.autoconfigure.properties.PropertyMappingContextCustomizer@0, org.springframework.boot.test.autoconfigure.web.servlet.WebDriverContextCustomizerFactory$Customizer@2c47401, org.springframework.boot.test.context.filter.ExcludeFilterContextCustomizer@4069541a, org.springframework.boot.test.json.DuplicateJsonObjectContextCustomizerFactory$DuplicateJsonObjectContextCustomizer@26b849d4, org.springframework.boot.test.mock.mockito.MockitoContextCustomizer@0, org.springframework.boot.test.web.client.TestRestTemplateContextCustomizer@463ef2d8, org.springframework.boot.test.context.SpringBootTestArgs@1, org.springframework.boot.test.context.SpringBootTestWebEnvironment@36ff48b4], resourceBasePath = 'src/main/webapp', contextLoader = 'org.springframework.boot.test.context.SpringBootContextLoader', parent = [null]], attributes = map['org.springframework.test.context.web.ServletTestExecutionListener.activateListener' -> true, 'org.springframework.test.context.web.ServletTestExecutionListener.populatedRequestContextHolder' -> true, 'org.springframework.test.context.web.ServletTestExecutionListener.resetRequestContextHolder' -> true, 'org.springframework.test.context.event.ApplicationEventsTestExecutionListener.recordApplicationEvents' -> false]]
]]></system-out>
  <system-err><![CDATA[]]></system-err>
</testsuite>
